INFO:2023-08-22 23:43:17,210:abl.webconnector.main:Start
INFO:2023-08-22 23:43:17,211:abl.webconnector.main:Cleanup event logs.
INFO:2023-08-22 23:43:22,216:abl.webconnector.main:Upload info.
INFO:2023-08-22 23:43:22,313:abl.webconnector.auto_updates:Checking for auto updates from 11.3.10
INFO:2023-08-22 23:43:22,788:abl.webconnector.auto_updates:No update found; terminating
INFO:2023-08-22 23:43:23,318:abl.webconnector.main:End
INFO:2023-08-23 12:35:30,505:abl.webconnector.main:Start
INFO:2023-08-23 12:35:30,506:abl.webconnector.main:Cleanup event logs.
INFO:2023-08-23 12:35:35,510:abl.webconnector.main:Upload info.
INFO:2023-08-23 12:35:35,625:abl.webconnector.auto_updates:Checking for auto updates from 11.3.10
INFO:2023-08-23 12:35:36,124:abl.webconnector.auto_updates:No update found; terminating
INFO:2023-08-23 12:35:36,630:abl.webconnector.main:End
INFO:2023-08-23 14:06:28,856:abl.webconnector.main:Start
INFO:2023-08-23 14:06:28,857:abl.webconnector.main:Cleanup event logs.
INFO:2023-08-23 14:06:33,862:abl.webconnector.main:Upload info.
INFO:2023-08-23 14:06:33,949:abl.webconnector.auto_updates:Checking for auto updates from 11.3.10
INFO:2023-08-23 14:06:34,423:abl.webconnector.auto_updates:No update found; terminating
INFO:2023-08-23 14:06:34,953:abl.webconnector.main:End
INFO:2023-08-23 14:54:18,647:abl.webconnector.main:Start
INFO:2023-08-23 14:54:18,649:abl.webconnector.main:Cleanup event logs.
INFO:2023-08-23 14:54:23,654:abl.webconnector.main:Upload info.
INFO:2023-08-23 14:54:23,810:abl.webconnector.auto_updates:Checking for auto updates from 11.3.10
INFO:2023-08-23 14:54:24,290:abl.webconnector.auto_updates:No update found; terminating
INFO:2023-08-23 14:54:24,815:abl.webconnector.main:End
INFO:2023-08-23 15:17:30,110:abl.webconnector.main:Start
INFO:2023-08-23 15:17:30,112:abl.webconnector.main:Cleanup event logs.
INFO:2023-08-23 15:17:35,115:abl.webconnector.main:Upload info.
INFO:2023-08-23 15:17:35,252:abl.webconnector.auto_updates:Checking for auto updates from 11.3.10
INFO:2023-08-23 15:17:35,731:abl.webconnector.auto_updates:No update found; terminating
INFO:2023-08-23 15:17:36,256:abl.webconnector.main:End
INFO:2023-08-23 18:26:57,762:abl.webconnector.main:Start
INFO:2023-08-23 18:26:57,763:abl.webconnector.main:Cleanup event logs.
INFO:2023-08-23 18:27:02,764:abl.webconnector.main:Upload info.
INFO:2023-08-23 18:27:02,885:abl.webconnector.auto_updates:Checking for auto updates from 11.3.10
INFO:2023-08-23 18:27:03,367:abl.webconnector.auto_updates:No update found; terminating
INFO:2023-08-23 18:27:03,889:abl.webconnector.main:End
INFO:2023-08-23 18:28:03,935:abl.webconnector.main:Start
INFO:2023-08-23 18:28:03,936:abl.webconnector.main:Cleanup event logs.
INFO:2023-08-23 18:28:08,940:abl.webconnector.main:Upload info.
INFO:2023-08-23 18:28:09,074:abl.webconnector.auto_updates:Checking for auto updates from 11.3.10
INFO:2023-08-23 18:29:09,623:abl.webconnector.auto_updates:No update found; terminating
INFO:2023-08-23 18:29:10,262:abl.webconnector.main:End
INFO:2023-08-23 18:46:42,015:abl.webconnector.main:Start
INFO:2023-08-23 18:46:42,017:abl.webconnector.main:Cleanup event logs.
INFO:2023-08-23 18:46:47,019:abl.webconnector.main:Upload info.
INFO:2023-08-23 18:46:47,156:abl.webconnector.auto_updates:Checking for auto updates from 11.3.10
INFO:2023-08-23 18:46:48,031:abl.webconnector.auto_updates:No update found; terminating
INFO:2023-08-23 18:46:48,160:abl.webconnector.main:End
INFO:2023-08-24 10:28:24,884:abl.webconnector.main:Start
INFO:2023-08-24 10:28:24,885:abl.webconnector.main:Cleanup event logs.
INFO:2023-08-24 10:28:29,891:abl.webconnector.main:Upload info.
INFO:2023-08-24 10:28:30,005:abl.webconnector.auto_updates:Checking for auto updates from 11.3.10
INFO:2023-08-24 10:28:30,466:abl.webconnector.auto_updates:No update found; terminating
INFO:2023-08-24 10:28:31,011:abl.webconnector.main:End
INFO:2023-08-24 18:17:59,093:abl.webconnector.main:Start
INFO:2023-08-24 18:17:59,094:abl.webconnector.main:Cleanup event logs.
INFO:2023-08-24 18:18:04,099:abl.webconnector.main:Upload info.
INFO:2023-08-24 18:18:04,215:abl.webconnector.auto_updates:Checking for auto updates from 11.3.10
INFO:2023-08-24 18:18:04,686:abl.webconnector.auto_updates:No update found; terminating
INFO:2023-08-24 18:18:05,218:abl.webconnector.main:End
INFO:2023-08-24 18:19:26,793:abl.webconnector.main:Start
INFO:2023-08-24 18:19:26,795:abl.webconnector.main:Cleanup event logs.
INFO:2023-08-24 18:19:31,797:abl.webconnector.main:Upload info.
INFO:2023-08-24 18:19:31,900:abl.webconnector.auto_updates:Checking for auto updates from 11.3.10
INFO:2023-08-24 18:19:32,354:abl.webconnector.auto_updates:No update found; terminating
INFO:2023-08-24 18:19:32,905:abl.webconnector.main:End
INFO:2023-08-24 18:20:52,924:abl.webconnector.main:Start
INFO:2023-08-24 18:20:52,925:abl.webconnector.main:Cleanup event logs.
INFO:2023-08-24 18:20:57,929:abl.webconnector.main:Upload info.
INFO:2023-08-24 18:20:58,039:abl.webconnector.auto_updates:Checking for auto updates from 11.3.10
INFO:2023-08-24 18:20:58,504:abl.webconnector.auto_updates:No update found; terminating
INFO:2023-08-24 18:20:59,041:abl.webconnector.main:End
INFO:2023-08-24 19:09:29,815:abl.webconnector.main:Start
INFO:2023-08-24 19:09:29,827:abl.webconnector.main:Cleanup event logs.
INFO:2023-08-24 19:09:34,830:abl.webconnector.main:Upload info.
INFO:2023-08-24 19:09:34,957:abl.webconnector.auto_updates:Checking for auto updates from 11.3.10
INFO:2023-08-24 19:09:35,425:abl.webconnector.auto_updates:No update found; terminating
INFO:2023-08-24 19:09:35,958:abl.webconnector.main:End
INFO:2023-08-24 19:10:43,309:abl.webconnector.main:Start
INFO:2023-08-24 19:10:43,310:abl.webconnector.main:Cleanup event logs.
INFO:2023-08-24 19:10:48,316:abl.webconnector.main:Upload info.
INFO:2023-08-24 19:10:48,440:abl.webconnector.auto_updates:Checking for auto updates from 11.3.10
INFO:2023-08-24 19:10:49,045:abl.webconnector.auto_updates:No update found; terminating
INFO:2023-08-24 19:10:49,444:abl.webconnector.main:End
INFO:2023-08-28 20:51:35,391:abl.webconnector.main:Start
INFO:2023-08-28 20:51:35,392:abl.webconnector.main:Cleanup event logs.
INFO:2023-08-28 20:51:40,398:abl.webconnector.main:Upload info.
INFO:2023-08-28 20:51:40,522:abl.webconnector.auto_updates:Checking for auto updates from 11.3.10
INFO:2023-08-28 20:51:41,000:abl.webconnector.auto_updates:No update found; terminating
INFO:2023-08-28 20:51:41,526:abl.webconnector.main:End
INFO:2023-08-29 14:28:18,112:abl.webconnector.main:Start
INFO:2023-08-29 14:28:18,113:abl.webconnector.main:Cleanup event logs.
INFO:2023-08-29 14:28:23,119:abl.webconnector.main:Upload info.
INFO:2023-08-29 14:28:23,239:abl.webconnector.auto_updates:Checking for auto updates from 11.3.10
INFO:2023-08-29 14:28:23,697:abl.webconnector.auto_updates:No update found; terminating
INFO:2023-08-29 14:28:24,244:abl.webconnector.main:End
INFO:2023-08-29 18:57:50,716:abl.webconnector.main:Start
INFO:2023-08-29 18:57:50,729:abl.webconnector.main:Cleanup event logs.
INFO:2023-08-29 18:57:56,052:abl.webconnector.main:Upload info.
INFO:2023-08-29 18:57:57,018:abl.webconnector.auto_updates:Checking for auto updates from 11.3.10
INFO:2023-08-29 18:57:57,493:abl.webconnector.auto_updates:No update found; terminating
INFO:2023-08-29 18:57:58,023:abl.webconnector.main:End
INFO:2023-08-29 19:38:35,184:abl.webconnector.main:Start
INFO:2023-08-29 19:38:35,186:abl.webconnector.main:Cleanup event logs.
INFO:2023-08-29 19:38:40,190:abl.webconnector.main:Upload info.
INFO:2023-08-29 19:38:40,331:abl.webconnector.auto_updates:Checking for auto updates from 11.3.10
INFO:2023-08-29 19:38:41,083:abl.webconnector.auto_updates:No update found; terminating
INFO:2023-08-29 19:38:41,335:abl.webconnector.main:End
INFO:2023-08-30 18:26:06,060:abl.webconnector.main:Start
INFO:2023-08-30 18:26:06,072:abl.webconnector.main:Cleanup event logs.
INFO:2023-08-30 18:26:11,078:abl.webconnector.main:Upload info.
INFO:2023-08-30 18:26:11,208:abl.webconnector.auto_updates:Checking for auto updates from 11.3.10
INFO:2023-08-30 18:26:11,675:abl.webconnector.auto_updates:No update found; terminating
INFO:2023-08-30 18:26:12,214:abl.webconnector.main:End
INFO:2023-08-30 18:33:29,844:abl.webconnector.main:Start
INFO:2023-08-30 18:33:29,856:abl.webconnector.main:Cleanup event logs.
INFO:2023-08-30 18:33:34,858:abl.webconnector.main:Upload info.
INFO:2023-08-30 18:33:34,983:abl.webconnector.auto_updates:Checking for auto updates from 11.3.10
INFO:2023-08-30 18:33:35,462:abl.webconnector.auto_updates:No update found; terminating
INFO:2023-08-30 18:33:35,988:abl.webconnector.main:End
INFO:2023-08-30 18:38:14,441:abl.webconnector.main:Start
INFO:2023-08-30 18:38:14,442:abl.webconnector.main:Cleanup event logs.
INFO:2023-08-30 18:38:19,443:abl.webconnector.main:Upload info.
INFO:2023-08-30 18:38:19,569:abl.webconnector.auto_updates:Checking for auto updates from 11.3.10
INFO:2023-08-30 18:38:20,050:abl.webconnector.auto_updates:No update found; terminating
INFO:2023-08-30 18:38:20,574:abl.webconnector.main:End
INFO:2023-08-30 18:39:49,174:abl.webconnector.main:Start
INFO:2023-08-30 18:39:49,175:abl.webconnector.main:Cleanup event logs.
INFO:2023-08-30 18:39:54,179:abl.webconnector.main:Upload info.
INFO:2023-08-30 18:39:54,311:abl.webconnector.auto_updates:Checking for auto updates from 11.3.10
INFO:2023-08-30 18:39:54,821:abl.webconnector.auto_updates:No update found; terminating
INFO:2023-08-30 18:39:55,315:abl.webconnector.main:End
INFO:2023-08-31 11:24:19,077:abl.webconnector.main:Start
INFO:2023-08-31 11:24:19,078:abl.webconnector.main:Cleanup event logs.
INFO:2023-08-31 11:24:24,080:abl.webconnector.main:Upload info.
INFO:2023-08-31 11:24:24,169:abl.webconnector.auto_updates:Checking for auto updates from 11.3.10
INFO:2023-08-31 11:24:24,640:abl.webconnector.auto_updates:No update found; terminating
INFO:2023-08-31 11:24:25,174:abl.webconnector.main:End
INFO:2023-08-31 12:52:02,464:abl.webconnector.main:Start
INFO:2023-08-31 12:52:02,465:abl.webconnector.main:Cleanup event logs.
INFO:2023-08-31 12:52:07,467:abl.webconnector.main:Upload info.
INFO:2023-08-31 12:52:07,552:abl.webconnector.auto_updates:Checking for auto updates from 11.3.10
INFO:2023-08-31 12:52:08,191:abl.webconnector.auto_updates:No update found; terminating
INFO:2023-08-31 12:52:08,553:abl.webconnector.main:End
INFO:2023-08-31 13:30:10,915:abl.webconnector.main:Start
INFO:2023-08-31 13:30:10,916:abl.webconnector.main:Cleanup event logs.
INFO:2023-08-31 13:30:15,913:abl.webconnector.main:Upload info.
INFO:2023-08-31 13:30:15,997:abl.webconnector.auto_updates:Checking for auto updates from 11.3.10
INFO:2023-08-31 13:30:16,633:abl.webconnector.auto_updates:No update found; terminating
INFO:2023-08-31 13:30:17,002:abl.webconnector.main:End
INFO:2023-09-02 17:28:00,170:abl.webconnector.main:Start
INFO:2023-09-02 17:28:00,171:abl.webconnector.main:Cleanup event logs.
INFO:2023-09-02 17:28:05,177:abl.webconnector.main:Upload info.
INFO:2023-09-02 17:28:05,265:abl.webconnector.auto_updates:Checking for auto updates from 11.3.10
INFO:2023-09-02 17:28:05,726:abl.webconnector.auto_updates:No update found; terminating
INFO:2023-09-02 17:28:06,270:abl.webconnector.main:End
INFO:2023-09-04 09:28:49,108:abl.webconnector.main:Start
INFO:2023-09-04 09:28:49,110:abl.webconnector.main:Cleanup event logs.
INFO:2023-09-04 09:28:54,112:abl.webconnector.main:Upload info.
INFO:2023-09-04 09:28:54,218:abl.webconnector.main:Check for Updates interrupted by early Live termination
INFO:2023-09-04 09:28:54,218:abl.webconnector.main:End
INFO:2023-12-04 21:54:46,335:abl.webconnector.main:Start
INFO:2023-12-04 21:54:46,336:abl.webconnector.main:Cleanup event logs.
INFO:2023-12-04 21:54:51,341:abl.webconnector.main:Upload info.
INFO:2023-12-04 21:54:51,429:abl.webconnector.auto_updates:Checking for auto updates from 11.3.10
INFO:2023-12-04 21:54:51,927:abl.webconnector.auto_updates:Found update to 11.3.11
INFO:2023-12-04 21:54:51,927:abl.webconnector.auto_updates:Update confirmed. Starting download...
INFO:2023-12-04 21:54:51,930:abl.webconnector.tasks:Retrieving delta ableton_live_standard_11.3.11_from_11.3.10_mac_universal.asu
INFO:2023-12-04 21:54:55,788:abl.webconnector.tasks:Delta retrieved, elapsed time: 3858ms
INFO:2023-12-04 21:54:55,789:abl.webconnector.tasks:Preparing auto-update tasks
INFO:2023-12-04 21:54:55,790:abl.webconnector.connector:Copy installation
INFO:2023-12-04 21:55:14,510:abl.webconnector.main:Check for Updates interrupted by early Live termination
INFO:2023-12-04 21:55:14,511:abl.webconnector.main:End
INFO:2023-12-04 21:56:11,100:abl.webconnector.main:Start
INFO:2023-12-04 21:56:11,101:abl.webconnector.main:Cleanup event logs.
INFO:2023-12-04 21:56:16,107:abl.webconnector.main:Upload info.
INFO:2023-12-04 21:56:16,223:abl.webconnector.auto_updates:Checking for auto updates from 11.3.10
INFO:2023-12-04 21:56:17,016:abl.webconnector.auto_updates:Found update to 11.3.11
INFO:2023-12-04 21:56:17,017:abl.webconnector.auto_updates:Update confirmed. Starting download...
INFO:2023-12-04 21:56:17,466:abl.webconnector.tasks:Preparing auto-update tasks
INFO:2023-12-04 21:56:17,467:abl.webconnector.connector:Copy installation
INFO:2023-12-04 21:56:43,920:abl.webconnector.connector:Copy installation completed (26452 ms)
INFO:2023-12-04 21:56:43,921:abl.webconnector.connector:Update cloned installation
INFO:2023-12-04 21:56:49,353:abl.webconnector.connector:Update cloned installation completed (5432 ms)
INFO:2023-12-04 21:56:50,357:abl.webconnector.main:Notifying Live that the update is ready to apply
INFO:2023-12-04 21:56:50,357:abl.webconnector.main:Waiting for Live to terminate
INFO:2023-12-04 21:58:00,680:abl.webconnector.connector:Cleaning up /Users/mitch/Library/Application Support/Ableton/Live 11.3.10/_autoupdates
INFO:2023-12-04 21:58:00,779:abl.webconnector.connector:Invoking swapper to apply update
INFO:2023-12-04 21:58:00,808:abl.webconnector.connector:Swapper invoked with pid: 6578
INFO:2023-12-04 21:58:00,808:abl.webconnector.main:End
