2024-10-06 23:51:08.727 python3[64451:1518551] +[IMKClient subclass]: chose IMKClient_Legacy
2024-10-06 23:51:08.727 python3[64451:1518551] +[IMKInputSession subclass]: chose IMKInputSession_Legacy
--> Wireless mode selected.
--> Available MIDI Input Ports:
0: Scarlett 18i20 USB
1: Axe-Fx III
2: WIDI Bud Pro
3: Morningstar MC6 Pro Port 1
4: Morningstar MC6 Pro Port 2
5: Morningstar MC6 Pro Port 3
6: Morningstar MC6 Pro Port 4
--> Selecting MIDI Port 'WIDI Bud Pro' for 'fighter_twister' ..
    Success!
--> Selecting MIDI Port 'Axe-Fx III' for 'axefx' ..
    Success!
--> Selecting MIDI Port 'WIDI Bud Pro' for 'mc6_pro' ..
    Success!
--> All Devices Found!
--> Closing all ports...
--> Closing port: WIDI Bud Pro
    Closing 'in' port
    Closing 'out' port
    Port closed!
--> Closing port: Axe-Fx III
    Closing 'in' port
    Closing 'out' port
    Port closed!
--> Closing port: WIDI Bud Pro
    Closing 'in' port
    Closing 'out' port
    Port closed!
--> All cleaned up; Goodbye!
